# JRE version: OpenJDK Runtime Environment Corretto-21.0.5.11.1 (21.0.5+11) (build 21.0.5+11-LTS)
# Java VM: OpenJDK 64-Bit Server VM Corretto-21.0.5.11.1 (21.0.5+11-LTS, mixed mode, emulated-client, sharing, tiered, compressed oops, compressed class ptrs, g1 gc, windows-amd64)
GC Precious Log:
 CardTable entry size: 512
 Card Set container configuration: InlinePtr #cards 4 size 8 Array Of Cards #cards 16 size 48 Howl #buckets 8 coarsen threshold 3686 Howl Bitmap #cards 512 size 80 coarsen threshold 460 Card regions per heap region 1 cards per card region 4096
 CPUs: 12 total, 12 available
 Memory: 16025M
 Large Page Support: Disabled
 NUMA Support: Disabled
 Compressed Oops: Enabled (Zero based)
 Heap Region Size: 2M
 Heap Min Capacity: 8M
 Heap Initial Capacity: 252M
 Heap Max Capacity: 4008M
 Pre-touch: Disabled
 Parallel Workers: 10
 Concurrent Workers: 3
 Concurrent Refinement Workers: 10
 Periodic GC: Disabled
Heap:
 garbage-first heap   total 98304K, used 33344K [0x0000000705800000, 0x0000000800000000)
  region size 2048K, 2 young (4096K), 0 survivors (0K)
 Metaspace       used 76506K, committed 77440K, reserved 1179648K
  class space    used 10661K, committed 11072K, reserved 1048576K
GC Heap History (20 events):
Event: 2.143 GC heap before
{Heap before GC invocations=6 (full 0):
 garbage-first heap   total 55296K, used 40122K [0x0000000705800000, 0x0000000800000000)
  region size 2048K, 13 young (26624K), 2 survivors (4096K)
 Metaspace       used 27618K, committed 28160K, reserved 1114112K
  class space    used 3701K, committed 3904K, reserved 1048576K
}
Event: 2.147 GC heap after
{Heap after GC invocations=7 (full 0):
 garbage-first heap   total 157696K, used 19545K [0x0000000705800000, 0x0000000800000000)
  region size 2048K, 2 young (4096K), 2 survivors (4096K)
 Metaspace       used 27618K, committed 28160K, reserved 1114112K
  class space    used 3701K, committed 3904K, reserved 1048576K
}
Event: 2.721 GC heap before
{Heap before GC invocations=7 (full 0):
 garbage-first heap   total 157696K, used 76889K [0x0000000705800000, 0x0000000800000000)
  region size 2048K, 31 young (63488K), 2 survivors (4096K)
 Metaspace       used 35274K, committed 35840K, reserved 1114112K
  class space    used 4650K, committed 4928K, reserved 1048576K
}
Event: 2.727 GC heap after
{Heap after GC invocations=8 (full 0):
 garbage-first heap   total 157696K, used 23137K [0x0000000705800000, 0x0000000800000000)
  region size 2048K, 4 young (8192K), 4 survivors (8192K)
 Metaspace       used 35274K, committed 35840K, reserved 1114112K
  class space    used 4650K, committed 4928K, reserved 1048576K
}
Event: 3.371 GC heap before
{Heap before GC invocations=9 (full 0):
 garbage-first heap   total 81920K, used 64097K [0x0000000705800000, 0x0000000800000000)
  region size 2048K, 24 young (49152K), 4 survivors (8192K)
 Metaspace       used 44177K, committed 44800K, reserved 1114112K
  class space    used 5793K, committed 6080K, reserved 1048576K
}
Event: 3.381 GC heap after
{Heap after GC invocations=10 (full 0):
 garbage-first heap   total 81920K, used 26424K [0x0000000705800000, 0x0000000800000000)
  region size 2048K, 2 young (4096K), 2 survivors (4096K)
 Metaspace       used 44177K, committed 44800K, reserved 1114112K
  class space    used 5793K, committed 6080K, reserved 1048576K
}
Event: 4.200 GC heap before
{Heap before GC invocations=10 (full 0):
 garbage-first heap   total 81920K, used 67384K [0x0000000705800000, 0x0000000800000000)
  region size 2048K, 22 young (45056K), 2 survivors (4096K)
 Metaspace       used 52745K, committed 53440K, reserved 1114112K
  class space    used 7128K, committed 7424K, reserved 1048576K
}
Event: 4.206 GC heap after
{Heap after GC invocations=11 (full 0):
 garbage-first heap   total 81920K, used 27984K [0x0000000705800000, 0x0000000800000000)
  region size 2048K, 2 young (4096K), 2 survivors (4096K)
 Metaspace       used 52745K, committed 53440K, reserved 1114112K
  class space    used 7128K, committed 7424K, reserved 1048576K
}
Event: 4.555 GC heap before
{Heap before GC invocations=11 (full 0):
 garbage-first heap   total 81920K, used 50512K [0x0000000705800000, 0x0000000800000000)
  region size 2048K, 14 young (28672K), 2 survivors (4096K)
 Metaspace       used 59471K, committed 60096K, reserved 1114112K
  class space    used 8148K, committed 8448K, reserved 1048576K
}
Event: 4.558 GC heap after
{Heap after GC invocations=12 (full 0):
 garbage-first heap   total 81920K, used 29011K [0x0000000705800000, 0x0000000800000000)
  region size 2048K, 2 young (4096K), 2 survivors (4096K)
 Metaspace       used 59471K, committed 60096K, reserved 1114112K
  class space    used 8148K, committed 8448K, reserved 1048576K
}
Event: 4.981 GC heap before
{Heap before GC invocations=13 (full 0):
 garbage-first heap   total 81920K, used 69971K [0x0000000705800000, 0x0000000800000000)
  region size 2048K, 22 young (45056K), 2 survivors (4096K)
 Metaspace       used 64373K, committed 65152K, reserved 1114112K
  class space    used 8924K, committed 9280K, reserved 1048576K
}
Event: 4.985 GC heap after
{Heap after GC invocations=14 (full 0):
 garbage-first heap   total 98304K, used 30702K [0x0000000705800000, 0x0000000800000000)
  region size 2048K, 3 young (6144K), 3 survivors (6144K)
 Metaspace       used 64373K, committed 65152K, reserved 1114112K
  class space    used 8924K, committed 9280K, reserved 1048576K
}
Event: 5.348 GC heap before
{Heap before GC invocations=14 (full 0):
 garbage-first heap   total 98304K, used 81902K [0x0000000705800000, 0x0000000800000000)
  region size 2048K, 28 young (57344K), 3 survivors (6144K)
 Metaspace       used 68486K, committed 69248K, reserved 1114112K
  class space    used 9464K, committed 9792K, reserved 1048576K
}
Event: 5.354 GC heap after
{Heap after GC invocations=15 (full 0):
 garbage-first heap   total 98304K, used 32634K [0x0000000705800000, 0x0000000800000000)
  region size 2048K, 3 young (6144K), 3 survivors (6144K)
 Metaspace       used 68486K, committed 69248K, reserved 1114112K
  class space    used 9464K, committed 9792K, reserved 1048576K
}
Event: 5.666 GC heap before
{Heap before GC invocations=15 (full 0):
 garbage-first heap   total 98304K, used 83834K [0x0000000705800000, 0x0000000800000000)
  region size 2048K, 28 young (57344K), 3 survivors (6144K)
 Metaspace       used 70970K, committed 71680K, reserved 1114112K
  class space    used 9809K, committed 10112K, reserved 1048576K
}
Event: 5.670 GC heap after
{Heap after GC invocations=16 (full 0):
 garbage-first heap   total 98304K, used 34883K [0x0000000705800000, 0x0000000800000000)
  region size 2048K, 4 young (8192K), 4 survivors (8192K)
 Metaspace       used 70970K, committed 71680K, reserved 1114112K
  class space    used 9809K, committed 10112K, reserved 1048576K
}
Event: 5.961 GC heap before
{Heap before GC invocations=16 (full 0):
 garbage-first heap   total 98304K, used 81987K [0x0000000705800000, 0x0000000800000000)
  region size 2048K, 27 young (55296K), 4 survivors (8192K)
 Metaspace       used 72810K, committed 73600K, reserved 1114112K
  class space    used 10096K, committed 10432K, reserved 1048576K
}
Event: 5.966 GC heap after
{Heap after GC invocations=17 (full 0):
 garbage-first heap   total 98304K, used 37372K [0x0000000705800000, 0x0000000800000000)
  region size 2048K, 3 young (6144K), 3 survivors (6144K)
 Metaspace       used 72810K, committed 73600K, reserved 1114112K
  class space    used 10096K, committed 10432K, reserved 1048576K
}
Event: 180.264 GC heap before
{Heap before GC invocations=17 (full 0):
 garbage-first heap   total 98304K, used 82428K [0x0000000705800000, 0x0000000800000000)
  region size 2048K, 26 young (53248K), 3 survivors (6144K)
 Metaspace       used 76526K, committed 77440K, reserved 1179648K
  class space    used 10663K, committed 11072K, reserved 1048576K
}
Event: 180.312 GC heap after
{Heap after GC invocations=18 (full 1):
 garbage-first heap   total 98304K, used 31296K [0x0000000705800000, 0x0000000800000000)
  region size 2048K, 0 young (0K), 0 survivors (0K)
 Metaspace       used 76503K, committed 77440K, reserved 1179648K
  class space    used 10660K, committed 11072K, reserved 1048576K
}

