# JRE version: OpenJDK Runtime Environment Corretto-21.0.4.7.1 (21.0.4+7) (build 21.0.4+7-LTS)
# Java VM: OpenJDK 64-Bit Server VM Corretto-21.0.4.7.1 (21.0.4+7-LTS, mixed mode, sharing, tiered, compressed oops, compressed class ptrs, g1 gc, windows-amd64)
GC Precious Log:
 CardTable entry size: 512
 Card Set container configuration: InlinePtr #cards 4 size 8 Array Of Cards #cards 16 size 48 Howl #buckets 8 coarsen threshold 3686 Howl Bitmap #cards 512 size 80 coarsen threshold 460 Card regions per heap region 1 cards per card region 4096
 CPUs: 12 total, 12 available
 Memory: 16025M
 Large Page Support: Disabled
 NUMA Support: Disabled
 Compressed Oops: Enabled (Zero based)
 Heap Region Size: 2M
 Heap Min Capacity: 8M
 Heap Initial Capacity: 252M
 Heap Max Capacity: 4008M
 Pre-touch: Disabled
 Parallel Workers: 10
 Concurrent Workers: 3
 Concurrent Refinement Workers: 10
 Periodic GC: Disabled
Heap:
 garbage-first heap   total 69632K, used 57840K [0x0000000705800000, 0x0000000800000000)
  region size 2048K, 19 young (38912K), 3 survivors (6144K)
 Metaspace       used 65231K, committed 65856K, reserved 1114112K
  class space    used 8886K, committed 9152K, reserved 1048576K
GC Heap History (20 events):
Event: 0.407 GC heap after
{Heap after GC invocations=1 (full 0):
 garbage-first heap   total 258048K, used 8050K [0x0000000705800000, 0x0000000800000000)
  region size 2048K, 2 young (4096K), 2 survivors (4096K)
 Metaspace       used 4355K, committed 4544K, reserved 1114112K
  class space    used 482K, committed 576K, reserved 1048576K
}
Event: 0.795 GC heap before
{Heap before GC invocations=1 (full 0):
 garbage-first heap   total 258048K, used 30578K [0x0000000705800000, 0x0000000800000000)
  region size 2048K, 13 young (26624K), 2 survivors (4096K)
 Metaspace       used 11084K, committed 11328K, reserved 1114112K
  class space    used 1364K, committed 1472K, reserved 1048576K
}
Event: 0.799 GC heap after
{Heap after GC invocations=2 (full 0):
 garbage-first heap   total 258048K, used 10237K [0x0000000705800000, 0x0000000800000000)
  region size 2048K, 1 young (2048K), 1 survivors (2048K)
 Metaspace       used 11084K, committed 11328K, reserved 1114112K
  class space    used 1364K, committed 1472K, reserved 1048576K
}
Event: 1.243 GC heap before
{Heap before GC invocations=2 (full 0):
 garbage-first heap   total 258048K, used 49149K [0x0000000705800000, 0x0000000800000000)
  region size 2048K, 21 young (43008K), 1 survivors (2048K)
 Metaspace       used 21227K, committed 21504K, reserved 1114112K
  class space    used 2732K, committed 2816K, reserved 1048576K
}
Event: 1.246 GC heap after
{Heap after GC invocations=3 (full 0):
 garbage-first heap   total 258048K, used 12669K [0x0000000705800000, 0x0000000800000000)
  region size 2048K, 3 young (6144K), 3 survivors (6144K)
 Metaspace       used 21227K, committed 21504K, reserved 1114112K
  class space    used 2732K, committed 2816K, reserved 1048576K
}
Event: 1.687 GC heap before
{Heap before GC invocations=4 (full 0):
 garbage-first heap   total 49152K, used 47485K [0x0000000705800000, 0x0000000800000000)
  region size 2048K, 20 young (40960K), 3 survivors (6144K)
 Metaspace       used 25694K, committed 26048K, reserved 1114112K
  class space    used 3279K, committed 3392K, reserved 1048576K
}
Event: 1.693 GC heap after
{Heap after GC invocations=5 (full 0):
 garbage-first heap   total 57344K, used 16384K [0x0000000705800000, 0x0000000800000000)
  region size 2048K, 4 young (8192K), 4 survivors (8192K)
 Metaspace       used 25694K, committed 26048K, reserved 1114112K
  class space    used 3279K, committed 3392K, reserved 1048576K
}
Event: 2.085 GC heap before
{Heap before GC invocations=5 (full 0):
 garbage-first heap   total 57344K, used 40960K [0x0000000705800000, 0x0000000800000000)
  region size 2048K, 16 young (32768K), 4 survivors (8192K)
 Metaspace       used 29795K, committed 30272K, reserved 1114112K
  class space    used 3898K, committed 4096K, reserved 1048576K
}
Event: 2.093 GC heap after
{Heap after GC invocations=6 (full 0):
 garbage-first heap   total 57344K, used 18321K [0x0000000705800000, 0x0000000800000000)
  region size 2048K, 2 young (4096K), 2 survivors (4096K)
 Metaspace       used 29795K, committed 30272K, reserved 1114112K
  class space    used 3898K, committed 4096K, reserved 1048576K
}
Event: 2.448 GC heap before
{Heap before GC invocations=6 (full 0):
 garbage-first heap   total 57344K, used 42897K [0x0000000705800000, 0x0000000800000000)
  region size 2048K, 14 young (28672K), 2 survivors (4096K)
 Metaspace       used 35354K, committed 35840K, reserved 1114112K
  class space    used 4692K, committed 4928K, reserved 1048576K
}
Event: 2.452 GC heap after
{Heap after GC invocations=7 (full 0):
 garbage-first heap   total 57344K, used 20090K [0x0000000705800000, 0x0000000800000000)
  region size 2048K, 1 young (2048K), 1 survivors (2048K)
 Metaspace       used 35354K, committed 35840K, reserved 1114112K
  class space    used 4692K, committed 4928K, reserved 1048576K
}
Event: 2.461 GC heap before
{Heap before GC invocations=7 (full 0):
 garbage-first heap   total 57344K, used 20090K [0x0000000705800000, 0x0000000800000000)
  region size 2048K, 2 young (4096K), 1 survivors (2048K)
 Metaspace       used 35472K, committed 35968K, reserved 1114112K
  class space    used 4715K, committed 4928K, reserved 1048576K
}
Event: 2.464 GC heap after
{Heap after GC invocations=8 (full 0):
 garbage-first heap   total 157696K, used 19792K [0x0000000705800000, 0x0000000800000000)
  region size 2048K, 1 young (2048K), 1 survivors (2048K)
 Metaspace       used 35472K, committed 35968K, reserved 1114112K
  class space    used 4715K, committed 4928K, reserved 1048576K
}
Event: 3.193 GC heap before
{Heap before GC invocations=9 (full 0):
 garbage-first heap   total 69632K, used 56656K [0x0000000705800000, 0x0000000800000000)
  region size 2048K, 20 young (40960K), 1 survivors (2048K)
 Metaspace       used 48679K, committed 49216K, reserved 1114112K
  class space    used 6417K, committed 6656K, reserved 1048576K
}
Event: 3.198 GC heap after
{Heap after GC invocations=10 (full 0):
 garbage-first heap   total 69632K, used 23152K [0x0000000705800000, 0x0000000800000000)
  region size 2048K, 3 young (6144K), 3 survivors (6144K)
 Metaspace       used 48679K, committed 49216K, reserved 1114112K
  class space    used 6417K, committed 6656K, reserved 1048576K
}
Event: 3.644 GC heap before
{Heap before GC invocations=10 (full 0):
 garbage-first heap   total 69632K, used 55920K [0x0000000705800000, 0x0000000800000000)
  region size 2048K, 19 young (38912K), 3 survivors (6144K)
 Metaspace       used 57843K, committed 58368K, reserved 1114112K
  class space    used 7827K, committed 8064K, reserved 1048576K
}
Event: 3.651 GC heap after
{Heap after GC invocations=11 (full 0):
 garbage-first heap   total 69632K, used 24472K [0x0000000705800000, 0x0000000800000000)
  region size 2048K, 1 young (2048K), 1 survivors (2048K)
 Metaspace       used 57843K, committed 58368K, reserved 1114112K
  class space    used 7827K, committed 8064K, reserved 1048576K
}
Event: 3.786 GC heap before
{Heap before GC invocations=11 (full 0):
 garbage-first heap   total 69632K, used 32664K [0x0000000705800000, 0x0000000800000000)
  region size 2048K, 6 young (12288K), 1 survivors (2048K)
 Metaspace       used 59661K, committed 60160K, reserved 1114112K
  class space    used 8043K, committed 8256K, reserved 1048576K
}
Event: 3.790 GC heap after
{Heap after GC invocations=12 (full 0):
 garbage-first heap   total 69632K, used 25072K [0x0000000705800000, 0x0000000800000000)
  region size 2048K, 2 young (4096K), 2 survivors (4096K)
 Metaspace       used 59661K, committed 60160K, reserved 1114112K
  class space    used 8043K, committed 8256K, reserved 1048576K
}
Event: 4.318 GC heap before
{Heap before GC invocations=13 (full 0):
 garbage-first heap   total 69632K, used 57840K [0x0000000705800000, 0x0000000800000000)
  region size 2048K, 18 young (36864K), 2 survivors (4096K)
 Metaspace       used 65231K, committed 65856K, reserved 1114112K
  class space    used 8886K, committed 9152K, reserved 1048576K
}

